<?xml version="1.0" encoding="UTF-8"?>
<testng-results skipped="0" failed="0" ignored="0" total="0" passed="0">
  <reporter-output>
  </reporter-output>
  <suite name="org.virtual.selenium.SeleniumDemo.AppTest" duration-ms="16" started-at="2020-03-18T19:20:30 IST" finished-at="2020-03-18T19:20:30 IST">
    <groups>
    </groups>
    <test name="Command line test" duration-ms="16" started-at="2020-03-18T19:20:30 IST" finished-at="2020-03-18T19:20:30 IST">
    </test> <!-- Command line test -->
  </suite> <!-- org.virtual.selenium.SeleniumDemo.AppTest -->
</testng-results>
